\BOOKMARK [0][-]{chapter*.2}{\376\377\000I\000n\000l\000e\000d\000n\000i\000n\000g}{}% 1
\BOOKMARK [1][-]{section.1.1}{\376\377\000I\000n\000t\000r\000o\000d\000u\000k\000t\000i\000o\000n\000\040\000o\000c\000h\000\040\000b\000a\000k\000g\000r\000u\000n\000d}{chapter*.2}% 2
\BOOKMARK [1][-]{section.1.2}{\376\377\000S\000y\000f\000t\000e\000\040\000o\000c\000h\000\040\000f\000r\000\345\000g\000e\000s\000t\000\344\000l\000l\000n\000i\000n\000g}{chapter*.2}% 3
\BOOKMARK [1][-]{section.1.3}{\376\377\000A\000v\000g\000r\000\344\000n\000s\000n\000i\000n\000g}{chapter*.2}% 4
\BOOKMARK [0][-]{chapter*.4}{\376\377\000T\000e\000o\000r\000e\000t\000i\000s\000k\000\040\000b\000a\000k\000g\000r\000u\000n\000d}{}% 5
\BOOKMARK [1][-]{section.2.1}{\376\377\000L\000a\000g\000r\000a\000n\000g\000e\000-\000m\000e\000k\000a\000n\000i\000k}{chapter*.4}% 6
\BOOKMARK [2][-]{subsection.2.1.1}{\376\377\000P\000r\000i\000n\000c\000i\000p\000e\000n\000\040\000o\000m\000\040\000m\000i\000n\000s\000t\000a\000\040\000v\000e\000r\000k\000a\000n}{section.2.1}% 7
\BOOKMARK [1][-]{section.2.2}{\376\377\000D\000u\000b\000b\000e\000l\000p\000e\000n\000d\000e\000l\000n}{chapter*.4}% 8
\BOOKMARK [2][-]{subsection.2.2.1}{\376\377\000H\000\344\000r\000l\000e\000d\000n\000i\000n\000g\000\040\000a\000v\000\040\000d\000u\000b\000b\000e\000l\000p\000e\000n\000d\000e\000l\000s\000\040\000r\000\366\000r\000e\000l\000s\000e\000e\000k\000v\000a\000t\000i\000o\000n\000e\000r}{section.2.2}% 9
\BOOKMARK [1][-]{section.2.3}{\376\377\000T\000e\000o\000r\000i\000\040\000i\000n\000f\000\366\000r\000\040\000n\000u\000m\000e\000r\000i\000s\000k\000\040\000s\000i\000m\000u\000l\000e\000r\000i\000n\000g}{chapter*.4}% 10
\BOOKMARK [2][-]{subsection.2.3.1}{\376\377\000E\000u\000l\000e\000r\000s\000\040\000s\000t\000e\000g\000m\000e\000t\000o\000d}{section.2.3}% 11
\BOOKMARK [2][-]{subsection.2.3.2}{\376\377\000R\000u\000n\000g\000e\000-\000K\000u\000t\000t\000a\000m\000e\000t\000o\000d\000e\000n\000\040\000\050\000R\000K\0004\000-\000m\000e\000t\000o\000d\000e\000n\000\051}{section.2.3}% 12
\BOOKMARK [0][-]{chapter*.9}{\376\377\000M\000e\000t\000o\000d\000/\000N\000u\000m\000e\000r\000i\000s\000k\000\040\000s\000i\000m\000u\000l\000e\000r\000i\000n\000g}{}% 13
\BOOKMARK [1][-]{section.3.1}{\376\377\000B\000e\000h\000a\000n\000d\000l\000i\000n\000g\000\040\000a\000v\000\040\000r\000\366\000r\000e\000l\000s\000e\000e\000k\000v\000a\000t\000i\000o\000n\000e\000r\000n\000a\000\040\000f\000\366\000r\000\040\000s\000i\000m\000u\000l\000e\000r\000i\000n\000g}{chapter*.9}% 14
\BOOKMARK [1][-]{section.3.2}{\376\377\000N\000u\000m\000e\000r\000i\000s\000k\000\040\000s\000i\000m\000u\000l\000e\000r\000i\000n\000g}{chapter*.9}% 15
\BOOKMARK [0][-]{chapter*.12}{\376\377\000R\000e\000s\000u\000l\000t\000a\000t}{}% 16
\BOOKMARK [0][-]{chapter*.21}{\376\377\000D\000i\000s\000k\000u\000s\000s\000i\000o\000n}{}% 17
\BOOKMARK [1][-]{section.5.1}{\376\377\000S\000l\000u\000t\000s\000a\000t\000s}{chapter*.21}% 18
\BOOKMARK [1][-]{section.5.2}{\376\377\000F\000r\000a\000m\000t\000i\000d\000s\000u\000t\000b\000l\000i\000c\000k}{chapter*.21}% 19
\BOOKMARK [0][-]{chapter*.23}{\376\377\000L\000i\000t\000t\000e\000r\000a\000t\000u\000r\000f\000\366\000r\000t\000e\000c\000k\000n\000i\000n\000g}{}% 20
\BOOKMARK [0][-]{chapter*.24}{\376\377\000A\000p\000p\000e\000n\000d\000i\000x}{}% 21
\BOOKMARK [1][-]{chapter.6}{\376\377\000A\000\040\000-\000\040\000H\000\344\000r\000l\000e\000d\000n\000i\000n\000g\000\040\000a\000v\000\040\000E\000u\000l\000e\000r\000-\000L\000a\000g\000r\000a\000n\000g\000e\000\040\000e\000k\000v\000a\000t\000i\000o\000n\000e\000n}{chapter*.24}% 22
\BOOKMARK [1][-]{equation.Alph0.0.8}{\376\377\000B\000\040\000-\000\040\000K\000o\000d\000\040\000f\000\366\000r\000\040\000s\000i\000m\000u\000l\000e\000r\000i\000n\000g\000\040\000a\000v\000\040\000d\000u\000b\000b\000e\000l\000p\000e\000n\000d\000e\000l\000n}{chapter*.24}% 23
